{"/tests/dbConfig.js": {"path":"/tests/dbConfig.js","statementMap":{"0":{"start":{"line":1,"column":17},"end":{"line":1,"column":30}},"1":{"start":{"line":3,"column":13},"end":{"line":3,"column":23}},"2":{"start":{"line":5,"column":0},"end":{"line":5,"column":22}}},"fnMap":{},"branchMap":{},"s":{"0":8,"1":8,"2":8},"f":{},"b":{},"_coverageSchema":"1a1c01bbd47fc00a2c39e90264f33305004495a9","hash":"c49cb76fc5d39013ea9bc8b8dddf6a686f1d57ae"}
,"/tests/server.js": {"path":"/tests/server.js","statementMap":{"0":{"start":{"line":1,"column":16},"end":{"line":1,"column":34}},"1":{"start":{"line":2,"column":13},"end":{"line":2,"column":28}},"2":{"start":{"line":4,"column":15},"end":{"line":4,"column":24}},"3":{"start":{"line":5,"column":0},"end":{"line":5,"column":19}},"4":{"start":{"line":6,"column":0},"end":{"line":6,"column":27}},"5":{"start":{"line":7,"column":0},"end":{"line":7,"column":51}},"6":{"start":{"line":10,"column":19},"end":{"line":10,"column":44}},"7":{"start":{"line":11,"column":21},"end":{"line":11,"column":47}},"8":{"start":{"line":12,"column":19},"end":{"line":12,"column":43}},"9":{"start":{"line":14,"column":0},"end":{"line":14,"column":68}},"10":{"start":{"line":14,"column":30},"end":{"line":14,"column":66}},"11":{"start":{"line":16,"column":0},"end":{"line":16,"column":36}},"12":{"start":{"line":17,"column":0},"end":{"line":17,"column":32}},"13":{"start":{"line":18,"column":0},"end":{"line":18,"column":32}},"14":{"start":{"line":20,"column":0},"end":{"line":20,"column":24}}},"fnMap":{"0":{"name":"(anonymous_0)","decl":{"start":{"line":14,"column":16},"end":{"line":14,"column":17}},"loc":{"start":{"line":14,"column":30},"end":{"line":14,"column":66}},"line":14}},"branchMap":{},"s":{"0":8,"1":8,"2":8,"3":8,"4":8,"5":8,"6":8,"7":8,"8":8,"9":8,"10":0,"11":8,"12":8,"13":8,"14":8},"f":{"0":0},"b":{},"_coverageSchema":"1a1c01bbd47fc00a2c39e90264f33305004495a9","hash":"03e4076e91f8d0580b57dde9e69f8be2dd397611"}
,"/tests/controllers/auth.js": {"path":"/tests/controllers/auth.js","statementMap":{"0":{"start":{"line":1,"column":16},"end":{"line":1,"column":34}},"1":{"start":{"line":2,"column":15},"end":{"line":2,"column":34}},"2":{"start":{"line":3,"column":12},"end":{"line":3,"column":35}},"3":{"start":{"line":4,"column":15},"end":{"line":4,"column":41}},"4":{"start":{"line":6,"column":13},"end":{"line":6,"column":38}},"5":{"start":{"line":9,"column":4},"end":{"line":16,"column":5}},"6":{"start":{"line":10,"column":19},"end":{"line":10,"column":43}},"7":{"start":{"line":11,"column":19},"end":{"line":11,"column":61}},"8":{"start":{"line":12,"column":8},"end":{"line":12,"column":56}},"9":{"start":{"line":13,"column":8},"end":{"line":13,"column":51}},"10":{"start":{"line":15,"column":8},"end":{"line":15,"column":36}},"11":{"start":{"line":20,"column":4},"end":{"line":41,"column":5}},"12":{"start":{"line":21,"column":21},"end":{"line":21,"column":59}},"13":{"start":{"line":22,"column":8},"end":{"line":22,"column":64}},"14":{"start":{"line":22,"column":19},"end":{"line":22,"column":62}},"15":{"start":{"line":23,"column":23},"end":{"line":23,"column":77}},"16":{"start":{"line":24,"column":8},"end":{"line":38,"column":9}},"17":{"start":{"line":25,"column":30},"end":{"line":31,"column":13}},"18":{"start":{"line":26,"column":16},"end":{"line":26,"column":67}},"19":{"start":{"line":26,"column":25},"end":{"line":26,"column":66}},"20":{"start":{"line":27,"column":16},"end":{"line":30,"column":18}},"21":{"start":{"line":32,"column":27},"end":{"line":32,"column":51}},"22":{"start":{"line":34,"column":28},"end":{"line":34,"column":76}},"23":{"start":{"line":35,"column":12},"end":{"line":35,"column":69}},"24":{"start":{"line":37,"column":12},"end":{"line":37,"column":62}},"25":{"start":{"line":40,"column":8},"end":{"line":40,"column":38}},"26":{"start":{"line":44,"column":0},"end":{"line":44,"column":36}}},"fnMap":{"0":{"name":"register","decl":{"start":{"line":8,"column":15},"end":{"line":8,"column":23}},"loc":{"start":{"line":8,"column":35},"end":{"line":17,"column":1}},"line":8},"1":{"name":"login","decl":{"start":{"line":19,"column":15},"end":{"line":19,"column":20}},"loc":{"start":{"line":19,"column":32},"end":{"line":42,"column":1}},"line":19},"2":{"name":"(anonymous_2)","decl":{"start":{"line":25,"column":30},"end":{"line":25,"column":31}},"loc":{"start":{"line":25,"column":46},"end":{"line":31,"column":13}},"line":25}},"branchMap":{"0":{"loc":{"start":{"line":22,"column":8},"end":{"line":22,"column":64}},"type":"if","locations":[{"start":{"line":22,"column":8},"end":{"line":22,"column":64}},{"start":{},"end":{}}],"line":22},"1":{"loc":{"start":{"line":24,"column":8},"end":{"line":38,"column":9}},"type":"if","locations":[{"start":{"line":24,"column":8},"end":{"line":38,"column":9}},{"start":{"line":36,"column":15},"end":{"line":38,"column":9}}],"line":24},"2":{"loc":{"start":{"line":26,"column":16},"end":{"line":26,"column":67}},"type":"if","locations":[{"start":{"line":26,"column":16},"end":{"line":26,"column":67}},{"start":{},"end":{}}],"line":26}},"s":{"0":8,"1":8,"2":8,"3":8,"4":8,"5":3,"6":3,"7":3,"8":3,"9":3,"10":0,"11":2,"12":2,"13":2,"14":0,"15":2,"16":1,"17":1,"18":1,"19":0,"20":1,"21":1,"22":1,"23":1,"24":0,"25":1,"26":8},"f":{"0":3,"1":2,"2":1},"b":{"0":[0,2],"1":[1,0],"2":[0,1]},"_coverageSchema":"1a1c01bbd47fc00a2c39e90264f33305004495a9","hash":"f27d0c6c6b30e01387b1ee3c6bf6665b5c8fc1c6"}
,"/tests/controllers/habits.js": {"path":"/tests/controllers/habits.js","statementMap":{"0":{"start":{"line":1,"column":20},"end":{"line":1,"column":38}},"1":{"start":{"line":2,"column":14},"end":{"line":2,"column":40}},"2":{"start":{"line":6,"column":4},"end":{"line":14,"column":5}},"3":{"start":{"line":7,"column":23},"end":{"line":7,"column":38}},"4":{"start":{"line":8,"column":8},"end":{"line":8,"column":45}},"5":{"start":{"line":9,"column":7},"end":{"line":9,"column":30}},"6":{"start":{"line":13,"column":8},"end":{"line":13,"column":34}},"7":{"start":{"line":19,"column":4},"end":{"line":25,"column":5}},"8":{"start":{"line":20,"column":22},"end":{"line":20,"column":72}},"9":{"start":{"line":21,"column":8},"end":{"line":21,"column":24}},"10":{"start":{"line":24,"column":8},"end":{"line":24,"column":34}},"11":{"start":{"line":29,"column":4},"end":{"line":35,"column":5}},"12":{"start":{"line":30,"column":23},"end":{"line":30,"column":78}},"13":{"start":{"line":31,"column":8},"end":{"line":31,"column":25}},"14":{"start":{"line":34,"column":8},"end":{"line":34,"column":34}},"15":{"start":{"line":40,"column":4},"end":{"line":46,"column":5}},"16":{"start":{"line":41,"column":22},"end":{"line":41,"column":50}},"17":{"start":{"line":42,"column":8},"end":{"line":42,"column":36}},"18":{"start":{"line":45,"column":8},"end":{"line":45,"column":34}},"19":{"start":{"line":51,"column":4},"end":{"line":59,"column":5}},"20":{"start":{"line":52,"column":22},"end":{"line":52,"column":72}},"21":{"start":{"line":53,"column":8},"end":{"line":53,"column":27}},"22":{"start":{"line":54,"column":29},"end":{"line":54,"column":57}},"23":{"start":{"line":55,"column":8},"end":{"line":55,"column":43}},"24":{"start":{"line":58,"column":8},"end":{"line":58,"column":34}},"25":{"start":{"line":64,"column":4},"end":{"line":71,"column":5}},"26":{"start":{"line":65,"column":22},"end":{"line":65,"column":72}},"27":{"start":{"line":66,"column":8},"end":{"line":66,"column":30}},"28":{"start":{"line":67,"column":8},"end":{"line":67,"column":30}},"29":{"start":{"line":70,"column":8},"end":{"line":70,"column":34}},"30":{"start":{"line":74,"column":0},"end":{"line":74,"column":70}}},"fnMap":{"0":{"name":"index","decl":{"start":{"line":5,"column":15},"end":{"line":5,"column":20}},"loc":{"start":{"line":5,"column":31},"end":{"line":15,"column":1}},"line":5},"1":{"name":"show","decl":{"start":{"line":18,"column":15},"end":{"line":18,"column":19}},"loc":{"start":{"line":18,"column":30},"end":{"line":26,"column":1}},"line":18},"2":{"name":"showByUser","decl":{"start":{"line":28,"column":15},"end":{"line":28,"column":25}},"loc":{"start":{"line":28,"column":36},"end":{"line":36,"column":1}},"line":28},"3":{"name":"create","decl":{"start":{"line":39,"column":15},"end":{"line":39,"column":21}},"loc":{"start":{"line":39,"column":32},"end":{"line":47,"column":1}},"line":39},"4":{"name":"update","decl":{"start":{"line":50,"column":15},"end":{"line":50,"column":21}},"loc":{"start":{"line":50,"column":32},"end":{"line":60,"column":1}},"line":50},"5":{"name":"destroy","decl":{"start":{"line":63,"column":15},"end":{"line":63,"column":22}},"loc":{"start":{"line":63,"column":33},"end":{"line":72,"column":1}},"line":63}},"branchMap":{},"s":{"0":8,"1":8,"2":2,"3":2,"4":2,"5":2,"6":1,"7":5,"8":5,"9":4,"10":3,"11":0,"12":0,"13":0,"14":0,"15":2,"16":2,"17":2,"18":0,"19":2,"20":2,"21":2,"22":2,"23":2,"24":0,"25":2,"26":2,"27":2,"28":2,"29":0,"30":8},"f":{"0":2,"1":5,"2":0,"3":2,"4":2,"5":2},"b":{},"_coverageSchema":"1a1c01bbd47fc00a2c39e90264f33305004495a9","hash":"1d2c1018a290d01405035c84729469ee8befd6f6"}
,"/tests/controllers/logs.js": {"path":"/tests/controllers/logs.js","statementMap":{"0":{"start":{"line":1,"column":24},"end":{"line":1,"column":48}},"1":{"start":{"line":2,"column":12},"end":{"line":2,"column":36}},"2":{"start":{"line":6,"column":4},"end":{"line":12,"column":5}},"3":{"start":{"line":7,"column":24},"end":{"line":7,"column":37}},"4":{"start":{"line":8,"column":8},"end":{"line":8,"column":26}},"5":{"start":{"line":11,"column":8},"end":{"line":11,"column":34}},"6":{"start":{"line":17,"column":4},"end":{"line":23,"column":5}},"7":{"start":{"line":18,"column":20},"end":{"line":18,"column":66}},"8":{"start":{"line":19,"column":8},"end":{"line":19,"column":22}},"9":{"start":{"line":22,"column":8},"end":{"line":22,"column":34}},"10":{"start":{"line":27,"column":4},"end":{"line":34,"column":5}},"11":{"start":{"line":28,"column":21},"end":{"line":28,"column":72}},"12":{"start":{"line":29,"column":8},"end":{"line":29,"column":23}},"13":{"start":{"line":33,"column":8},"end":{"line":33,"column":34}},"14":{"start":{"line":39,"column":4},"end":{"line":45,"column":5}},"15":{"start":{"line":40,"column":23},"end":{"line":40,"column":49}},"16":{"start":{"line":41,"column":8},"end":{"line":41,"column":37}},"17":{"start":{"line":44,"column":8},"end":{"line":44,"column":34}},"18":{"start":{"line":48,"column":0},"end":{"line":48,"column":54}}},"fnMap":{"0":{"name":"index","decl":{"start":{"line":5,"column":15},"end":{"line":5,"column":20}},"loc":{"start":{"line":5,"column":31},"end":{"line":13,"column":1}},"line":5},"1":{"name":"show","decl":{"start":{"line":16,"column":15},"end":{"line":16,"column":19}},"loc":{"start":{"line":16,"column":30},"end":{"line":24,"column":1}},"line":16},"2":{"name":"showByHabit","decl":{"start":{"line":26,"column":15},"end":{"line":26,"column":26}},"loc":{"start":{"line":26,"column":37},"end":{"line":35,"column":1}},"line":26},"3":{"name":"create","decl":{"start":{"line":38,"column":15},"end":{"line":38,"column":21}},"loc":{"start":{"line":38,"column":32},"end":{"line":46,"column":1}},"line":38}},"branchMap":{},"s":{"0":8,"1":8,"2":2,"3":2,"4":2,"5":1,"6":3,"7":3,"8":3,"9":2,"10":0,"11":0,"12":0,"13":0,"14":1,"15":1,"16":1,"17":0,"18":8},"f":{"0":2,"1":3,"2":0,"3":1},"b":{},"_coverageSchema":"1a1c01bbd47fc00a2c39e90264f33305004495a9","hash":"6506a287a7d27a1ceaac8fb2bcb67211399a5711"}
,"/tests/models/Habit.js": {"path":"/tests/models/Habit.js","statementMap":{"0":{"start":{"line":1,"column":11},"end":{"line":1,"column":33}},"1":{"start":{"line":3,"column":12},"end":{"line":3,"column":28}},"2":{"start":{"line":7,"column":8},"end":{"line":7,"column":26}},"3":{"start":{"line":8,"column":8},"end":{"line":8,"column":41}},"4":{"start":{"line":9,"column":8},"end":{"line":9,"column":51}},"5":{"start":{"line":10,"column":8},"end":{"line":10,"column":35}},"6":{"start":{"line":15,"column":8},"end":{"line":24,"column":11}},"7":{"start":{"line":16,"column":12},"end":{"line":23,"column":13}},"8":{"start":{"line":17,"column":27},"end":{"line":17,"column":66}},"9":{"start":{"line":18,"column":29},"end":{"line":18,"column":61}},"10":{"start":{"line":18,"column":48},"end":{"line":18,"column":60}},"11":{"start":{"line":19,"column":16},"end":{"line":19,"column":32}},"12":{"start":{"line":22,"column":16},"end":{"line":22,"column":44}},"13":{"start":{"line":29,"column":8},"end":{"line":41,"column":11}},"14":{"start":{"line":30,"column":12},"end":{"line":40,"column":13}},"15":{"start":{"line":31,"column":27},"end":{"line":34,"column":73}},"16":{"start":{"line":35,"column":28},"end":{"line":35,"column":51}},"17":{"start":{"line":36,"column":16},"end":{"line":36,"column":31}},"18":{"start":{"line":39,"column":16},"end":{"line":39,"column":48}},"19":{"start":{"line":45,"column":8},"end":{"line":54,"column":10}},"20":{"start":{"line":46,"column":12},"end":{"line":53,"column":13}},"21":{"start":{"line":47,"column":27},"end":{"line":47,"column":91}},"22":{"start":{"line":48,"column":29},"end":{"line":48,"column":61}},"23":{"start":{"line":48,"column":48},"end":{"line":48,"column":60}},"24":{"start":{"line":49,"column":16},"end":{"line":49,"column":32}},"25":{"start":{"line":52,"column":16},"end":{"line":52,"column":59}},"26":{"start":{"line":60,"column":8},"end":{"line":72,"column":11}},"27":{"start":{"line":61,"column":12},"end":{"line":71,"column":13}},"28":{"start":{"line":62,"column":34},"end":{"line":62,"column":49}},"29":{"start":{"line":63,"column":39},"end":{"line":63,"column":59}},"30":{"start":{"line":64,"column":31},"end":{"line":64,"column":43}},"31":{"start":{"line":65,"column":35},"end":{"line":65,"column":180}},"32":{"start":{"line":66,"column":31},"end":{"line":66,"column":67}},"33":{"start":{"line":67,"column":16},"end":{"line":67,"column":34}},"34":{"start":{"line":70,"column":16},"end":{"line":70,"column":58}},"35":{"start":{"line":77,"column":8},"end":{"line":87,"column":11}},"36":{"start":{"line":78,"column":12},"end":{"line":86,"column":13}},"37":{"start":{"line":79,"column":34},"end":{"line":79,"column":49}},"38":{"start":{"line":80,"column":41},"end":{"line":80,"column":129}},"39":{"start":{"line":81,"column":35},"end":{"line":81,"column":77}},"40":{"start":{"line":82,"column":16},"end":{"line":82,"column":38}},"41":{"start":{"line":85,"column":16},"end":{"line":85,"column":64}},"42":{"start":{"line":92,"column":8},"end":{"line":101,"column":11}},"43":{"start":{"line":93,"column":12},"end":{"line":100,"column":13}},"44":{"start":{"line":94,"column":30},"end":{"line":94,"column":105}},"45":{"start":{"line":95,"column":29},"end":{"line":95,"column":114}},"46":{"start":{"line":96,"column":16},"end":{"line":96,"column":65}},"47":{"start":{"line":99,"column":16},"end":{"line":99,"column":54}},"48":{"start":{"line":105,"column":0},"end":{"line":105,"column":23}}},"fnMap":{"0":{"name":"(anonymous_0)","decl":{"start":{"line":6,"column":4},"end":{"line":6,"column":5}},"loc":{"start":{"line":6,"column":22},"end":{"line":11,"column":5}},"line":6},"1":{"name":"(anonymous_1)","decl":{"start":{"line":14,"column":4},"end":{"line":14,"column":5}},"loc":{"start":{"line":14,"column":21},"end":{"line":25,"column":5}},"line":14},"2":{"name":"(anonymous_2)","decl":{"start":{"line":15,"column":27},"end":{"line":15,"column":28}},"loc":{"start":{"line":15,"column":54},"end":{"line":24,"column":9}},"line":15},"3":{"name":"(anonymous_3)","decl":{"start":{"line":18,"column":43},"end":{"line":18,"column":44}},"loc":{"start":{"line":18,"column":48},"end":{"line":18,"column":60}},"line":18},"4":{"name":"(anonymous_4)","decl":{"start":{"line":28,"column":4},"end":{"line":28,"column":5}},"loc":{"start":{"line":28,"column":29},"end":{"line":42,"column":5}},"line":28},"5":{"name":"(anonymous_5)","decl":{"start":{"line":29,"column":27},"end":{"line":29,"column":28}},"loc":{"start":{"line":29,"column":54},"end":{"line":41,"column":9}},"line":29},"6":{"name":"(anonymous_6)","decl":{"start":{"line":44,"column":4},"end":{"line":44,"column":5}},"loc":{"start":{"line":44,"column":34},"end":{"line":55,"column":5}},"line":44},"7":{"name":"(anonymous_7)","decl":{"start":{"line":45,"column":27},"end":{"line":45,"column":28}},"loc":{"start":{"line":45,"column":54},"end":{"line":54,"column":9}},"line":45},"8":{"name":"(anonymous_8)","decl":{"start":{"line":48,"column":43},"end":{"line":48,"column":44}},"loc":{"start":{"line":48,"column":48},"end":{"line":48,"column":60}},"line":48},"9":{"name":"(anonymous_9)","decl":{"start":{"line":59,"column":4},"end":{"line":59,"column":5}},"loc":{"start":{"line":59,"column":24},"end":{"line":73,"column":5}},"line":59},"10":{"name":"(anonymous_10)","decl":{"start":{"line":60,"column":27},"end":{"line":60,"column":28}},"loc":{"start":{"line":60,"column":54},"end":{"line":72,"column":9}},"line":60},"11":{"name":"(anonymous_11)","decl":{"start":{"line":76,"column":4},"end":{"line":76,"column":5}},"loc":{"start":{"line":76,"column":17},"end":{"line":88,"column":5}},"line":76},"12":{"name":"(anonymous_12)","decl":{"start":{"line":77,"column":27},"end":{"line":77,"column":28}},"loc":{"start":{"line":77,"column":54},"end":{"line":87,"column":9}},"line":77},"13":{"name":"(anonymous_13)","decl":{"start":{"line":91,"column":4},"end":{"line":91,"column":5}},"loc":{"start":{"line":91,"column":14},"end":{"line":102,"column":5}},"line":91},"14":{"name":"(anonymous_14)","decl":{"start":{"line":92,"column":27},"end":{"line":92,"column":28}},"loc":{"start":{"line":92,"column":54},"end":{"line":101,"column":9}},"line":92}},"branchMap":{},"s":{"0":8,"1":8,"2":24,"3":23,"4":23,"5":23,"6":2,"7":2,"8":2,"9":2,"10":6,"11":2,"12":0,"13":5,"14":5,"15":5,"16":5,"17":4,"18":1,"19":1,"20":1,"21":1,"22":1,"23":1,"24":1,"25":0,"26":2,"27":2,"28":2,"29":2,"30":2,"31":2,"32":2,"33":2,"34":0,"35":2,"36":2,"37":2,"38":2,"39":2,"40":2,"41":0,"42":2,"43":2,"44":2,"45":2,"46":2,"47":0,"48":8},"f":{"0":24,"1":2,"2":2,"3":6,"4":5,"5":5,"6":1,"7":1,"8":1,"9":2,"10":2,"11":2,"12":2,"13":2,"14":2},"b":{},"_coverageSchema":"1a1c01bbd47fc00a2c39e90264f33305004495a9","hash":"72534a8a85985723e00930634941761ead1f14c6"}
,"/tests/models/Log.js": {"path":"/tests/models/Log.js","statementMap":{"0":{"start":{"line":1,"column":11},"end":{"line":1,"column":33}},"1":{"start":{"line":2,"column":14},"end":{"line":2,"column":32}},"2":{"start":{"line":6,"column":8},"end":{"line":6,"column":26}},"3":{"start":{"line":7,"column":8},"end":{"line":7,"column":37}},"4":{"start":{"line":8,"column":8},"end":{"line":8,"column":37}},"5":{"start":{"line":9,"column":8},"end":{"line":9,"column":43}},"6":{"start":{"line":13,"column":8},"end":{"line":22,"column":11}},"7":{"start":{"line":14,"column":12},"end":{"line":21,"column":13}},"8":{"start":{"line":15,"column":27},"end":{"line":15,"column":64}},"9":{"start":{"line":16,"column":27},"end":{"line":16,"column":57}},"10":{"start":{"line":16,"column":46},"end":{"line":16,"column":56}},"11":{"start":{"line":17,"column":16},"end":{"line":17,"column":30}},"12":{"start":{"line":20,"column":16},"end":{"line":20,"column":41}},"13":{"start":{"line":26,"column":8},"end":{"line":38,"column":11}},"14":{"start":{"line":27,"column":12},"end":{"line":37,"column":13}},"15":{"start":{"line":28,"column":27},"end":{"line":31,"column":71}},"16":{"start":{"line":32,"column":26},"end":{"line":32,"column":47}},"17":{"start":{"line":33,"column":16},"end":{"line":33,"column":29}},"18":{"start":{"line":36,"column":16},"end":{"line":36,"column":46}},"19":{"start":{"line":42,"column":8},"end":{"line":51,"column":11}},"20":{"start":{"line":43,"column":12},"end":{"line":50,"column":13}},"21":{"start":{"line":44,"column":31},"end":{"line":44,"column":96}},"22":{"start":{"line":45,"column":27},"end":{"line":45,"column":61}},"23":{"start":{"line":45,"column":50},"end":{"line":45,"column":60}},"24":{"start":{"line":46,"column":16},"end":{"line":46,"column":30}},"25":{"start":{"line":49,"column":16},"end":{"line":49,"column":61}},"26":{"start":{"line":55,"column":8},"end":{"line":67,"column":11}},"27":{"start":{"line":56,"column":12},"end":{"line":66,"column":13}},"28":{"start":{"line":57,"column":32},"end":{"line":57,"column":45}},"29":{"start":{"line":58,"column":32},"end":{"line":58,"column":45}},"30":{"start":{"line":59,"column":35},"end":{"line":59,"column":51}},"31":{"start":{"line":60,"column":33},"end":{"line":60,"column":166}},"32":{"start":{"line":61,"column":29},"end":{"line":61,"column":63}},"33":{"start":{"line":62,"column":16},"end":{"line":62,"column":32}},"34":{"start":{"line":65,"column":16},"end":{"line":65,"column":55}},"35":{"start":{"line":71,"column":0},"end":{"line":71,"column":21}}},"fnMap":{"0":{"name":"(anonymous_0)","decl":{"start":{"line":5,"column":4},"end":{"line":5,"column":5}},"loc":{"start":{"line":5,"column":22},"end":{"line":10,"column":5}},"line":5},"1":{"name":"(anonymous_1)","decl":{"start":{"line":12,"column":4},"end":{"line":12,"column":5}},"loc":{"start":{"line":12,"column":21},"end":{"line":23,"column":5}},"line":12},"2":{"name":"(anonymous_2)","decl":{"start":{"line":13,"column":27},"end":{"line":13,"column":28}},"loc":{"start":{"line":13,"column":54},"end":{"line":22,"column":9}},"line":13},"3":{"name":"(anonymous_3)","decl":{"start":{"line":16,"column":41},"end":{"line":16,"column":42}},"loc":{"start":{"line":16,"column":46},"end":{"line":16,"column":56}},"line":16},"4":{"name":"(anonymous_4)","decl":{"start":{"line":25,"column":4},"end":{"line":25,"column":5}},"loc":{"start":{"line":25,"column":27},"end":{"line":39,"column":5}},"line":25},"5":{"name":"(anonymous_5)","decl":{"start":{"line":26,"column":27},"end":{"line":26,"column":28}},"loc":{"start":{"line":26,"column":54},"end":{"line":38,"column":9}},"line":26},"6":{"name":"(anonymous_6)","decl":{"start":{"line":41,"column":4},"end":{"line":41,"column":5}},"loc":{"start":{"line":41,"column":32},"end":{"line":52,"column":5}},"line":41},"7":{"name":"(anonymous_7)","decl":{"start":{"line":42,"column":27},"end":{"line":42,"column":28}},"loc":{"start":{"line":42,"column":54},"end":{"line":51,"column":9}},"line":42},"8":{"name":"(anonymous_8)","decl":{"start":{"line":45,"column":45},"end":{"line":45,"column":46}},"loc":{"start":{"line":45,"column":50},"end":{"line":45,"column":60}},"line":45},"9":{"name":"(anonymous_9)","decl":{"start":{"line":54,"column":4},"end":{"line":54,"column":5}},"loc":{"start":{"line":54,"column":24},"end":{"line":68,"column":5}},"line":54},"10":{"name":"(anonymous_10)","decl":{"start":{"line":55,"column":27},"end":{"line":55,"column":28}},"loc":{"start":{"line":55,"column":54},"end":{"line":67,"column":9}},"line":55}},"branchMap":{},"s":{"0":8,"1":8,"2":12,"3":12,"4":12,"5":12,"6":2,"7":2,"8":2,"9":2,"10":4,"11":2,"12":0,"13":2,"14":2,"15":2,"16":2,"17":2,"18":0,"19":1,"20":1,"21":1,"22":1,"23":1,"24":1,"25":0,"26":1,"27":1,"28":1,"29":1,"30":1,"31":1,"32":1,"33":1,"34":0,"35":8},"f":{"0":12,"1":2,"2":2,"3":4,"4":2,"5":2,"6":1,"7":1,"8":1,"9":1,"10":1},"b":{},"_coverageSchema":"1a1c01bbd47fc00a2c39e90264f33305004495a9","hash":"13440b678cb7aecfd368ff019278f6e5065eee2b"}
,"/tests/models/User.js": {"path":"/tests/models/User.js","statementMap":{"0":{"start":{"line":1,"column":11},"end":{"line":1,"column":33}},"1":{"start":{"line":5,"column":8},"end":{"line":5,"column":25}},"2":{"start":{"line":6,"column":8},"end":{"line":6,"column":29}},"3":{"start":{"line":7,"column":8},"end":{"line":7,"column":31}},"4":{"start":{"line":8,"column":8},"end":{"line":8,"column":37}},"5":{"start":{"line":12,"column":8},"end":{"line":21,"column":10}},"6":{"start":{"line":13,"column":12},"end":{"line":20,"column":13}},"7":{"start":{"line":14,"column":29},"end":{"line":15,"column":108}},"8":{"start":{"line":16,"column":27},"end":{"line":16,"column":51}},"9":{"start":{"line":17,"column":16},"end":{"line":17,"column":25}},"10":{"start":{"line":19,"column":16},"end":{"line":19,"column":50}},"11":{"start":{"line":25,"column":8},"end":{"line":34,"column":10}},"12":{"start":{"line":26,"column":12},"end":{"line":33,"column":13}},"13":{"start":{"line":27,"column":29},"end":{"line":28,"column":77}},"14":{"start":{"line":29,"column":27},"end":{"line":29,"column":51}},"15":{"start":{"line":30,"column":16},"end":{"line":30,"column":25}},"16":{"start":{"line":32,"column":16},"end":{"line":32,"column":52}},"17":{"start":{"line":38,"column":0},"end":{"line":38,"column":21}}},"fnMap":{"0":{"name":"(anonymous_0)","decl":{"start":{"line":4,"column":4},"end":{"line":4,"column":5}},"loc":{"start":{"line":4,"column":21},"end":{"line":9,"column":5}},"line":4},"1":{"name":"(anonymous_1)","decl":{"start":{"line":11,"column":4},"end":{"line":11,"column":5}},"loc":{"start":{"line":11,"column":44},"end":{"line":22,"column":5}},"line":11},"2":{"name":"(anonymous_2)","decl":{"start":{"line":12,"column":27},"end":{"line":12,"column":28}},"loc":{"start":{"line":12,"column":47},"end":{"line":21,"column":9}},"line":12},"3":{"name":"(anonymous_3)","decl":{"start":{"line":24,"column":4},"end":{"line":24,"column":5}},"loc":{"start":{"line":24,"column":29},"end":{"line":35,"column":5}},"line":24},"4":{"name":"(anonymous_4)","decl":{"start":{"line":25,"column":27},"end":{"line":25,"column":28}},"loc":{"start":{"line":25,"column":47},"end":{"line":34,"column":9}},"line":25}},"branchMap":{},"s":{"0":1,"1":1,"2":1,"3":1,"4":1,"5":0,"6":0,"7":0,"8":0,"9":0,"10":0,"11":0,"12":0,"13":0,"14":0,"15":0,"16":0,"17":1},"f":{"0":1,"1":0,"2":0,"3":0,"4":0},"b":{},"_coverageSchema":"1a1c01bbd47fc00a2c39e90264f33305004495a9","hash":"c6aaf8a4a00c51e2f0d69df0491814d5b00d1917"}
,"/tests/models/user.js": {"path":"/tests/models/user.js","statementMap":{"0":{"start":{"line":1,"column":11},"end":{"line":1,"column":33}},"1":{"start":{"line":5,"column":8},"end":{"line":5,"column":25}},"2":{"start":{"line":6,"column":8},"end":{"line":6,"column":29}},"3":{"start":{"line":7,"column":8},"end":{"line":7,"column":31}},"4":{"start":{"line":8,"column":8},"end":{"line":8,"column":37}},"5":{"start":{"line":12,"column":8},"end":{"line":21,"column":10}},"6":{"start":{"line":13,"column":12},"end":{"line":20,"column":13}},"7":{"start":{"line":14,"column":29},"end":{"line":15,"column":108}},"8":{"start":{"line":16,"column":27},"end":{"line":16,"column":51}},"9":{"start":{"line":17,"column":16},"end":{"line":17,"column":25}},"10":{"start":{"line":19,"column":16},"end":{"line":19,"column":50}},"11":{"start":{"line":25,"column":8},"end":{"line":34,"column":10}},"12":{"start":{"line":26,"column":12},"end":{"line":33,"column":13}},"13":{"start":{"line":27,"column":29},"end":{"line":28,"column":77}},"14":{"start":{"line":29,"column":27},"end":{"line":29,"column":51}},"15":{"start":{"line":30,"column":16},"end":{"line":30,"column":25}},"16":{"start":{"line":32,"column":16},"end":{"line":32,"column":52}},"17":{"start":{"line":38,"column":0},"end":{"line":38,"column":21}}},"fnMap":{"0":{"name":"(anonymous_0)","decl":{"start":{"line":4,"column":4},"end":{"line":4,"column":5}},"loc":{"start":{"line":4,"column":21},"end":{"line":9,"column":5}},"line":4},"1":{"name":"(anonymous_1)","decl":{"start":{"line":11,"column":4},"end":{"line":11,"column":5}},"loc":{"start":{"line":11,"column":44},"end":{"line":22,"column":5}},"line":11},"2":{"name":"(anonymous_2)","decl":{"start":{"line":12,"column":27},"end":{"line":12,"column":28}},"loc":{"start":{"line":12,"column":47},"end":{"line":21,"column":9}},"line":12},"3":{"name":"(anonymous_3)","decl":{"start":{"line":24,"column":4},"end":{"line":24,"column":5}},"loc":{"start":{"line":24,"column":29},"end":{"line":35,"column":5}},"line":24},"4":{"name":"(anonymous_4)","decl":{"start":{"line":25,"column":27},"end":{"line":25,"column":28}},"loc":{"start":{"line":25,"column":47},"end":{"line":34,"column":9}},"line":25}},"branchMap":{},"s":{"0":8,"1":5,"2":5,"3":5,"4":5,"5":3,"6":3,"7":3,"8":3,"9":3,"10":0,"11":2,"12":2,"13":2,"14":2,"15":2,"16":0,"17":8},"f":{"0":5,"1":3,"2":3,"3":2,"4":2},"b":{},"_coverageSchema":"1a1c01bbd47fc00a2c39e90264f33305004495a9","hash":"678b17434ec9a11873aa7db21aac301bc6728e1c"}
,"/tests/routes/habits.js": {"path":"/tests/routes/habits.js","statementMap":{"0":{"start":{"line":1,"column":16},"end":{"line":1,"column":34}},"1":{"start":{"line":2,"column":15},"end":{"line":2,"column":31}},"2":{"start":{"line":3,"column":25},"end":{"line":3,"column":57}},"3":{"start":{"line":5,"column":0},"end":{"line":5,"column":40}},"4":{"start":{"line":7,"column":0},"end":{"line":7,"column":42}},"5":{"start":{"line":9,"column":0},"end":{"line":9,"column":52}},"6":{"start":{"line":11,"column":0},"end":{"line":11,"column":42}},"7":{"start":{"line":13,"column":0},"end":{"line":13,"column":44}},"8":{"start":{"line":15,"column":0},"end":{"line":15,"column":48}},"9":{"start":{"line":17,"column":0},"end":{"line":17,"column":24}}},"fnMap":{},"branchMap":{},"s":{"0":8,"1":8,"2":8,"3":8,"4":8,"5":8,"6":8,"7":8,"8":8,"9":8},"f":{},"b":{},"_coverageSchema":"1a1c01bbd47fc00a2c39e90264f33305004495a9","hash":"59e773e9008f4c2ab2e92d3da5e866bf8064c2eb"}
,"/tests/routes/logs.js": {"path":"/tests/routes/logs.js","statementMap":{"0":{"start":{"line":1,"column":16},"end":{"line":1,"column":34}},"1":{"start":{"line":2,"column":15},"end":{"line":2,"column":31}},"2":{"start":{"line":3,"column":23},"end":{"line":3,"column":53}},"3":{"start":{"line":5,"column":0},"end":{"line":5,"column":38}},"4":{"start":{"line":6,"column":0},"end":{"line":6,"column":40}},"5":{"start":{"line":7,"column":0},"end":{"line":7,"column":40}},"6":{"start":{"line":8,"column":0},"end":{"line":8,"column":53}},"7":{"start":{"line":10,"column":0},"end":{"line":10,"column":24}}},"fnMap":{},"branchMap":{},"s":{"0":8,"1":8,"2":8,"3":8,"4":8,"5":8,"6":8,"7":8},"f":{},"b":{},"_coverageSchema":"1a1c01bbd47fc00a2c39e90264f33305004495a9","hash":"2362b817ac51fe1bf0902c7a6ff41a4d2a45347e"}
,"/tests/routes/users.js": {"path":"/tests/routes/users.js","statementMap":{"0":{"start":{"line":1,"column":16},"end":{"line":1,"column":34}},"1":{"start":{"line":2,"column":15},"end":{"line":2,"column":31}},"2":{"start":{"line":3,"column":23},"end":{"line":3,"column":53}},"3":{"start":{"line":5,"column":0},"end":{"line":5,"column":50}},"4":{"start":{"line":7,"column":0},"end":{"line":7,"column":44}},"5":{"start":{"line":11,"column":0},"end":{"line":11,"column":24}}},"fnMap":{},"branchMap":{},"s":{"0":8,"1":8,"2":8,"3":8,"4":8,"5":8},"f":{},"b":{},"_coverageSchema":"1a1c01bbd47fc00a2c39e90264f33305004495a9","hash":"7574e171787bfec6e1438a5558de0316d664a864"}
}
