TN:
SF:dbConfig.js
FNF:0
FNH:0
DA:1,7
DA:3,7
DA:5,7
LF:3
LH:3
BRF:0
BRH:0
end_of_record
TN:
SF:server.js
FN:14,(anonymous_0)
FNF:1
FNH:0
FNDA:0,(anonymous_0)
DA:1,7
DA:2,7
DA:4,7
DA:5,7
DA:6,7
DA:7,7
DA:10,7
DA:11,7
DA:12,7
DA:14,7
DA:16,7
DA:17,7
DA:18,7
DA:20,7
LF:14
LH:14
BRF:0
BRH:0
end_of_record
TN:
SF:controllers/auth.js
FN:8,register
FN:19,login
FN:25,(anonymous_2)
FNF:3
FNH:3
FNDA:3,register
FNDA:2,login
FNDA:1,(anonymous_2)
DA:1,7
DA:2,7
DA:3,7
DA:4,7
DA:6,7
DA:9,3
DA:10,3
DA:11,3
DA:12,3
DA:13,3
DA:15,0
DA:20,2
DA:21,2
DA:22,2
DA:23,2
DA:24,1
DA:25,1
DA:26,1
DA:27,1
DA:32,1
DA:34,1
DA:35,1
DA:37,0
DA:40,1
DA:44,7
LF:25
LH:23
BRDA:22,0,0,0
BRDA:22,0,1,2
BRDA:24,1,0,1
BRDA:24,1,1,0
BRDA:26,2,0,0
BRDA:26,2,1,1
BRF:6
BRH:3
end_of_record
TN:
SF:controllers/habits.js
FN:5,index
FN:18,show
FN:28,showByUser
FN:39,create
FN:50,update
FN:63,destroy
FNF:6
FNH:5
FNDA:1,index
FNDA:2,show
FNDA:0,showByUser
FNDA:1,create
FNDA:1,update
FNDA:1,destroy
DA:1,7
DA:2,7
DA:6,1
DA:7,1
DA:8,1
DA:9,1
DA:13,1
DA:19,2
DA:20,2
DA:21,2
DA:24,2
DA:29,0
DA:30,0
DA:31,0
DA:34,0
DA:40,1
DA:41,1
DA:42,1
DA:45,0
DA:51,1
DA:52,1
DA:53,1
DA:54,1
DA:55,1
DA:58,0
DA:64,1
DA:65,1
DA:66,1
DA:67,1
DA:70,0
DA:74,7
LF:31
LH:24
BRF:0
BRH:0
end_of_record
TN:
SF:controllers/logs.js
FN:5,index
FN:16,show
FN:26,showByHabit
FN:38,create
FNF:4
FNH:3
FNDA:1,index
FNDA:2,show
FNDA:0,showByHabit
FNDA:1,create
DA:1,7
DA:2,7
DA:6,1
DA:7,1
DA:8,1
DA:11,1
DA:17,2
DA:18,2
DA:19,2
DA:22,2
DA:27,0
DA:28,0
DA:29,0
DA:33,0
DA:39,1
DA:40,1
DA:41,1
DA:44,0
DA:48,7
LF:19
LH:14
BRF:0
BRH:0
end_of_record
TN:
SF:helpers/helpers.js
FN:3,checkToken
FN:9,(anonymous_1)
FNF:2
FNH:2
FNDA:7,checkToken
FNDA:7,(anonymous_1)
DA:1,7
DA:4,7
DA:5,7
DA:6,7
DA:7,7
DA:8,7
DA:9,7
DA:10,7
DA:11,7
DA:12,7
DA:14,0
DA:18,0
DA:22,7
LF:13
LH:11
BRDA:6,0,0,7
BRDA:6,0,1,0
BRDA:11,1,0,7
BRDA:11,1,1,0
BRF:4
BRH:2
end_of_record
TN:
SF:models/Habit.js
FN:6,(anonymous_0)
FN:14,(anonymous_1)
FN:15,(anonymous_2)
FN:18,(anonymous_3)
FN:28,(anonymous_4)
FN:29,(anonymous_5)
FN:44,(anonymous_6)
FN:45,(anonymous_7)
FN:48,(anonymous_8)
FN:59,(anonymous_9)
FN:60,(anonymous_10)
FN:76,(anonymous_11)
FN:77,(anonymous_12)
FN:91,(anonymous_13)
FN:92,(anonymous_14)
FNF:15
FNH:13
FNDA:14,(anonymous_0)
FNDA:1,(anonymous_1)
FNDA:1,(anonymous_2)
FNDA:3,(anonymous_3)
FNDA:0,(anonymous_4)
FNDA:0,(anonymous_5)
FNDA:1,(anonymous_6)
FNDA:1,(anonymous_7)
FNDA:1,(anonymous_8)
FNDA:1,(anonymous_9)
FNDA:1,(anonymous_10)
FNDA:1,(anonymous_11)
FNDA:1,(anonymous_12)
FNDA:1,(anonymous_13)
FNDA:1,(anonymous_14)
DA:1,7
DA:3,7
DA:7,14
DA:8,14
DA:9,14
DA:10,14
DA:15,1
DA:16,1
DA:17,1
DA:18,3
DA:19,1
DA:22,0
DA:29,0
DA:30,0
DA:31,0
DA:35,0
DA:36,0
DA:39,0
DA:45,1
DA:46,1
DA:47,1
DA:48,1
DA:49,1
DA:52,0
DA:60,1
DA:61,1
DA:62,1
DA:63,1
DA:64,1
DA:65,1
DA:66,1
DA:67,1
DA:70,0
DA:77,1
DA:78,1
DA:79,1
DA:80,1
DA:81,1
DA:82,1
DA:85,0
DA:92,1
DA:93,1
DA:94,1
DA:95,1
DA:96,1
DA:99,0
DA:105,7
LF:47
LH:36
BRF:0
BRH:0
end_of_record
TN:
SF:models/Log.js
FN:5,(anonymous_0)
FN:12,(anonymous_1)
FN:13,(anonymous_2)
FN:16,(anonymous_3)
FN:25,(anonymous_4)
FN:26,(anonymous_5)
FN:41,(anonymous_6)
FN:42,(anonymous_7)
FN:45,(anonymous_8)
FN:54,(anonymous_9)
FN:55,(anonymous_10)
FNF:11
FNH:1
FNDA:4,(anonymous_0)
FNDA:0,(anonymous_1)
FNDA:0,(anonymous_2)
FNDA:0,(anonymous_3)
FNDA:0,(anonymous_4)
FNDA:0,(anonymous_5)
FNDA:0,(anonymous_6)
FNDA:0,(anonymous_7)
FNDA:0,(anonymous_8)
FNDA:0,(anonymous_9)
FNDA:0,(anonymous_10)
DA:1,7
DA:2,7
DA:6,4
DA:7,4
DA:8,4
DA:9,4
DA:13,0
DA:14,0
DA:15,0
DA:16,0
DA:17,0
DA:20,0
DA:26,0
DA:27,0
DA:28,0
DA:32,0
DA:33,0
DA:36,0
DA:42,0
DA:43,0
DA:44,0
DA:45,0
DA:46,0
DA:49,0
DA:55,0
DA:56,0
DA:57,0
DA:58,0
DA:59,0
DA:60,0
DA:61,0
DA:62,0
DA:65,0
DA:71,7
LF:34
LH:7
BRF:0
BRH:0
end_of_record
TN:
SF:models/User.js
FN:4,(anonymous_0)
FN:11,(anonymous_1)
FN:12,(anonymous_2)
FN:24,(anonymous_3)
FN:25,(anonymous_4)
FNF:5
FNH:1
FNDA:1,(anonymous_0)
FNDA:0,(anonymous_1)
FNDA:0,(anonymous_2)
FNDA:0,(anonymous_3)
FNDA:0,(anonymous_4)
DA:1,1
DA:5,1
DA:6,1
DA:7,1
DA:8,1
DA:12,0
DA:13,0
DA:14,0
DA:16,0
DA:17,0
DA:19,0
DA:25,0
DA:26,0
DA:27,0
DA:29,0
DA:30,0
DA:32,0
DA:38,1
LF:18
LH:6
BRF:0
BRH:0
end_of_record
TN:
SF:models/user.js
FN:4,(anonymous_0)
FN:11,(anonymous_1)
FN:12,(anonymous_2)
FN:24,(anonymous_3)
FN:25,(anonymous_4)
FNF:5
FNH:5
FNDA:5,(anonymous_0)
FNDA:3,(anonymous_1)
FNDA:3,(anonymous_2)
FNDA:2,(anonymous_3)
FNDA:2,(anonymous_4)
DA:1,7
DA:5,5
DA:6,5
DA:7,5
DA:8,5
DA:12,3
DA:13,3
DA:14,3
DA:16,3
DA:17,3
DA:19,0
DA:25,2
DA:26,2
DA:27,2
DA:29,2
DA:30,2
DA:32,0
DA:38,7
LF:18
LH:16
BRF:0
BRH:0
end_of_record
TN:
SF:routes/habits.js
FNF:0
FNH:0
DA:1,7
DA:2,7
DA:3,7
DA:4,7
DA:6,7
DA:8,7
DA:10,7
DA:12,7
DA:14,7
DA:16,7
DA:18,7
LF:11
LH:11
BRF:0
BRH:0
end_of_record
TN:
SF:routes/logs.js
FNF:0
FNH:0
DA:1,7
DA:2,7
DA:3,7
DA:4,7
DA:6,7
DA:7,7
DA:8,7
DA:9,7
DA:11,7
LF:9
LH:9
BRF:0
BRH:0
end_of_record
TN:
SF:routes/users.js
FNF:0
FNH:0
DA:1,7
DA:2,7
DA:3,7
DA:5,7
DA:7,7
DA:11,7
LF:6
LH:6
BRF:0
BRH:0
end_of_record
